#
# There is insufficient memory for the Java Runtime Environment to continue.
# Native memory allocation (malloc) failed to allocate 538096 bytes. Error detail: Chunk::new
# Possible reasons:
#   The system is out of physical RAM or swap space
#   This process is running with CompressedOops enabled, and the Java Heap may be blocking the growth of the native heap
# Possible solutions:
#   Reduce memory load on the system
#   Increase physical memory or swap space
#   Check if swap backing store is full
#   Decrease Java heap size (-Xmx/-Xms)
#   Decrease number of Java threads
#   Decrease Java thread stack sizes (-Xss)
#   Set larger code cache with -XX:ReservedCodeCacheSize=
#   JVM is running with Unscaled Compressed Oops mode in which the Java heap is
#     placed in the first 4GB address space. The Java Heap base address is the
#     maximum limit for the native heap growth. Please use -XX:HeapBaseMinAddress
#     to set the Java Heap base and to place the Java Heap above 4GB virtual address.
# This output file may be truncated or incomplete.
#
#  Out of Memory Error (arena.cpp:168), pid=10396, tid=2400
#
# JRE version: OpenJDK Runtime Environment Temurin-21.0.10+7 (21.0.10+7) (build 21.0.10+7-LTS)
# Java VM: OpenJDK 64-Bit Server VM Temurin-21.0.10+7 (21.0.10+7-LTS, mixed mode, sharing, tiered, compressed oops, compressed class ptrs, parallel gc, windows-amd64)
# No core dump will be written. Minidumps are not enabled by default on client versions of Windows
#

---------------  S U M M A R Y ------------

Command Line: --add-modules=ALL-SYSTEM --add-opens=java.base/java.util=ALL-UNNAMED --add-opens=java.base/java.lang=ALL-UNNAMED --add-opens=java.base/sun.nio.fs=ALL-UNNAMED -Declipse.application=org.eclipse.jdt.ls.core.id1 -Dosgi.bundles.defaultStartLevel=4 -Declipse.product=org.eclipse.jdt.ls.core.product -Djava.import.generatesMetadataFilesAtProjectRoot=false -DDetectVMInstallationsJob.disabled=true -Dfile.encoding=utf8 -XX:+UseParallelGC -XX:GCTimeRatio=4 -XX:AdaptiveSizePolicyWeight=90 -Dsun.zip.disableMemoryMapping=true -Xmx2G -Xms100m -Xlog:disable -javaagent:c:\Users\TECHNO ZONE\.vscode\extensions\redhat.java-1.54.0-win32-x64\lombok\lombok-1.18.39-4050.jar -XX:+HeapDumpOnOutOfMemoryError -XX:HeapDumpPath=c:\Users\TECHNO ZONE\AppData\Roaming\Code\User\workspaceStorage\8894ac254d13b457316f3f974ed6737b\redhat.java -Daether.dependencyCollector.impl=bf c:\Users\TECHNO ZONE\.vscode\extensions\redhat.java-1.54.0-win32-x64\server\plugins\org.eclipse.equinox.launcher_1.7.100.v20251111-0406.jar -configuration c:\Users\TECHNO ZONE\AppData\Roaming\Code\User\globalStorage\redhat.java\1.54.0\config_win -data c:\Users\TECHNO ZONE\AppData\Roaming\Code\User\workspaceStorage\8894ac254d13b457316f3f974ed6737b\redhat.java\jdt_ws --pipe=\\.\pipe\lsp-5a6e69cf66c518e78825b47f7fb835f3-sock

Host: Intel(R) Core(TM) i5-6300U CPU @ 2.40GHz, 4 cores, 7G,  Windows 10 , 64 bit Build 19041 (10.0.19041.5915)
Time: Thu Apr 23 14:17:10 2026 Pakistan Standard Time elapsed time: 36.145593 seconds (0d 0h 0m 36s)

---------------  T H R E A D  ---------------

Current thread (0x000001c85fae4500):  JavaThread "C2 CompilerThread0" daemon [_thread_in_native, id=2400, stack(0x0000001494a00000,0x0000001494b00000) (1024K)]


Current CompileTask:
C2:36145 4037       4       org.lombokweb.asm.ClassReader::readMethod (1070 bytes)

Stack: [0x0000001494a00000,0x0000001494b00000]
Native frames: (J=compiled Java code, j=interpreted, Vv=VM code, C=native code)
V  [jvm.dll+0x6d7a39]
V  [jvm.dll+0x8b4b26]
V  [jvm.dll+0x8b70de]
V  [jvm.dll+0x8b77c3]
V  [jvm.dll+0x284346]
V  [jvm.dll+0xc66ed]
V  [jvm.dll+0xc6c31]
V  [jvm.dll+0x2fb29e]
V  [jvm.dll+0x5fe884]
V  [jvm.dll+0x255b17]
V  [jvm.dll+0x24e12a]
V  [jvm.dll+0x24ba42]
V  [jvm.dll+0x1cb34e]
V  [jvm.dll+0x25b85d]
V  [jvm.dll+0x259dea]
V  [jvm.dll+0x3f857e]
V  [jvm.dll+0x85f59d]
V  [jvm.dll+0x6d626d]
C  [ucrtbase.dll+0x21bb2]
C  [KERNEL32.DLL+0x17374]
C  [ntdll.dll+0x4cc91]


---------------  P R O C E S S  ---------------

Threads class SMR info:
_java_thread_list=0x000001c87ccec6a0, length=22, elements={
0x000001c85d9dc8a0, 0x000001c85fadb2c0, 0x000001c85fadc9d0, 0x000001c85fade360,
0x000001c85fae1090, 0x000001c85fae2c60, 0x000001c85fae36c0, 0x000001c85fae4500,
0x000001c85fb53560, 0x000001c87725e610, 0x000001c877327700, 0x000001c877854370,
0x000001c877904670, 0x000001c8773c5480, 0x000001c877a8c320, 0x000001c877ca9be0,
0x000001c8775ef1b0, 0x000001c8772d7380, 0x000001c87ca6f370, 0x000001c87ca71440,
0x000001c87ca6fa00, 0x000001c87ca70090
}

Java Threads: ( => current thread )
  0x000001c85d9dc8a0 JavaThread "main"                              [_thread_blocked, id=8644, stack(0x0000001494000000,0x0000001494100000) (1024K)]
  0x000001c85fadb2c0 JavaThread "Reference Handler"          daemon [_thread_blocked, id=13460, stack(0x0000001494400000,0x0000001494500000) (1024K)]
  0x000001c85fadc9d0 JavaThread "Finalizer"                  daemon [_thread_blocked, id=15260, stack(0x0000001494500000,0x0000001494600000) (1024K)]
  0x000001c85fade360 JavaThread "Signal Dispatcher"          daemon [_thread_blocked, id=7908, stack(0x0000001494600000,0x0000001494700000) (1024K)]
  0x000001c85fae1090 JavaThread "Attach Listener"            daemon [_thread_blocked, id=11056, stack(0x0000001494700000,0x0000001494800000) (1024K)]
  0x000001c85fae2c60 JavaThread "Service Thread"             daemon [_thread_blocked, id=17556, stack(0x0000001494800000,0x0000001494900000) (1024K)]
  0x000001c85fae36c0 JavaThread "Monitor Deflation Thread"   daemon [_thread_blocked, id=19528, stack(0x0000001494900000,0x0000001494a00000) (1024K)]
=>0x000001c85fae4500 JavaThread "C2 CompilerThread0"         daemon [_thread_in_native, id=2400, stack(0x0000001494a00000,0x0000001494b00000) (1024K)]
  0x000001c85fb53560 JavaThread "C1 CompilerThread0"         daemon [_thread_blocked, id=21660, stack(0x0000001494b00000,0x0000001494c00000) (1024K)]
  0x000001c87725e610 JavaThread "Common-Cleaner"             daemon [_thread_blocked, id=2092, stack(0x0000001494c00000,0x0000001494d00000) (1024K)]
  0x000001c877327700 JavaThread "Notification Thread"        daemon [_thread_blocked, id=19424, stack(0x0000001494d00000,0x0000001494e00000) (1024K)]
  0x000001c877854370 JavaThread "Active Thread: Equinox Container: eeef1930-ca81-46c3-9415-14fdac3554a9"        [_thread_blocked, id=5200, stack(0x0000001495200000,0x0000001495300000) (1024K)]
  0x000001c877904670 JavaThread "Refresh Thread: Equinox Container: eeef1930-ca81-46c3-9415-14fdac3554a9" daemon [_thread_blocked, id=7932, stack(0x0000001495100000,0x0000001495200000) (1024K)]
  0x000001c8773c5480 JavaThread "Framework Event Dispatcher: Equinox Container: eeef1930-ca81-46c3-9415-14fdac3554a9" daemon [_thread_blocked, id=15356, stack(0x0000001495300000,0x0000001495400000) (1024K)]
  0x000001c877a8c320 JavaThread "Start Level: Equinox Container: eeef1930-ca81-46c3-9415-14fdac3554a9" daemon [_thread_in_vm, id=22240, stack(0x0000001495400000,0x0000001495500000) (1024K)]
  0x000001c877ca9be0 JavaThread "Bundle File Closer"         daemon [_thread_blocked, id=4836, stack(0x0000001495600000,0x0000001495700000) (1024K)]
  0x000001c8775ef1b0 JavaThread "SCR Component Actor"        daemon [_thread_blocked, id=8732, stack(0x0000001495500000,0x0000001495600000) (1024K)]
  0x000001c8772d7380 JavaThread "Worker-JM"                         [_thread_blocked, id=6480, stack(0x0000001495800000,0x0000001495900000) (1024K)]
  0x000001c87ca6f370 JavaThread "JNA Cleaner"                daemon [_thread_blocked, id=21244, stack(0x0000001495700000,0x0000001495800000) (1024K)]
  0x000001c87ca71440 JavaThread "Worker-0: Updating Maven Dependencies"        [_thread_in_vm, id=20712, stack(0x0000001495900000,0x0000001495a00000) (1024K)]
  0x000001c87ca6fa00 JavaThread "Worker-1: Repository registry initialization"        [_thread_blocked, id=7584, stack(0x0000001495a00000,0x0000001495b00000) (1024K)]
  0x000001c87ca70090 JavaThread "Worker-2"                          [_thread_blocked, id=11396, stack(0x0000001495b00000,0x0000001495c00000) (1024K)]
Total: 22

Other Threads:
  0x000001c85fabd9e0 VMThread "VM Thread"                           [id=8264, stack(0x0000001494300000,0x0000001494400000) (1024K)]
  0x000001c85fc5ae30 WatcherThread "VM Periodic Task Thread"        [id=17780, stack(0x0000001494200000,0x0000001494300000) (1024K)]
  0x000001c85fc0b0d0 WorkerThread "GC Thread#0"                     [id=15028, stack(0x0000001494100000,0x0000001494200000) (1024K)]
  0x000001c877768460 WorkerThread "GC Thread#1"                     [id=14744, stack(0x0000001494e00000,0x0000001494f00000) (1024K)]
  0x000001c877768810 WorkerThread "GC Thread#2"                     [id=15232, stack(0x0000001494f00000,0x0000001495000000) (1024K)]
  0x000001c877768bc0 WorkerThread "GC Thread#3"                     [id=9740, stack(0x0000001495000000,0x0000001495100000) (1024K)]
Total: 6

Threads with active compile tasks:
C2 CompilerThread0  36213 4037       4       org.lombokweb.asm.ClassReader::readMethod (1070 bytes)
Total: 1

VM state: not at safepoint (normal execution)

VM Mutex/Monitor currently owned by a thread:  ([mutex/lock_event])
[0x00007fff0e20c4e0] Metaspace_lock - owner thread: 0x000001c87ca71440

OutOfMemory and StackOverflow Exception counts:
OutOfMemoryError java_heap_errors=1
LinkageErrors=69

Heap address: 0x0000000080000000, size: 2048 MB, Compressed Oops mode: 32-bit

CDS archive(s) mapped at: [0x000001c800000000-0x000001c800ba0000-0x000001c800ba0000), size 12189696, SharedBaseAddress: 0x000001c800000000, ArchiveRelocationMode: 1.
Compressed class space mapped at: 0x000001c801000000-0x000001c841000000, reserved size: 1073741824
Narrow klass base: 0x000001c800000000, Narrow klass shift: 0, Narrow klass range: 0x100000000

GC Precious Log:
 CardTable entry size: 512
 CPUs: 4 total, 4 available
 Memory: 8073M
 Large Page Support: Disabled
 NUMA Support: Disabled
 Compressed Oops: Enabled (32-bit)
 Alignments: Space 512K, Generation 512K, Heap 2M
 Heap Min Capacity: 100M
 Heap Initial Capacity: 100M
 Heap Max Capacity: 2G
 Pre-touch: Disabled
 Parallel Workers: 4

Heap:
 PSYoungGen      total 25088K, used 22186K [0x00000000d5580000, 0x00000000d7400000, 0x0000000100000000)
  eden space 24064K, 88% used [0x00000000d5580000,0x00000000d6a32220,0x00000000d6d00000)
  from space 1024K, 97% used [0x00000000d7300000,0x00000000d73f87e0,0x00000000d7400000)
  to   space 2560K, 0% used [0x00000000d6f00000,0x00000000d6f00000,0x00000000d7180000)
 ParOldGen       total 68608K, used 13514K [0x0000000080000000, 0x0000000084300000, 0x00000000d5580000)
  object space 68608K, 19% used [0x0000000080000000,0x0000000080d32ab0,0x0000000084300000)
 Metaspace       used 26068K, committed 26944K, reserved 1114112K
  class space    used 2585K, committed 2944K, reserved 1048576K

Card table byte_map: [0x000001c85f590000,0x000001c85f9a0000] _byte_map_base: 0x000001c85f190000

Marking Bits: (ParMarkBitMap*) 0x00007fff0e213450
 Begin Bits: [0x000001c8720a0000, 0x000001c8740a0000)
 End Bits:   [0x000001c8740a0000, 0x000001c8760a0000)

Polling page: 0x000001c85d920000

Metaspace:

Usage:
  Non-class:     22.93 MB used.
      Class:      2.52 MB used.
       Both:     25.46 MB used.

Virtual space:
  Non-class space:       64.00 MB reserved,      23.44 MB ( 37%) committed,  1 nodes.
      Class space:        1.00 GB reserved,       2.88 MB ( <1%) committed,  1 nodes.
             Both:        1.06 GB reserved,      26.31 MB (  2%) committed. 

Chunk freelists:
   Non-Class:  7.70 MB
       Class:  13.00 MB
        Both:  20.70 MB

MaxMetaspaceSize: unlimited
CompressedClassSpaceSize: 1.00 GB
Initial GC threshold: 21.00 MB
Current GC threshold: 35.00 MB
CDS: on
 - commit_granule_bytes: 65536.
 - commit_granule_words: 8192.
 - virtual_space_node_default_size: 8388608.
 - enlarge_chunks_in_place: 1.
 - use_allocation_guard: 0.


Internal statistics:

num_allocs_failed_limit: 3.
num_arena_births: 648.
num_arena_deaths: 14.
num_vsnodes_births: 2.
num_vsnodes_deaths: 0.
num_space_committed: 421.
num_space_uncommitted: 0.
num_chunks_returned_to_freelist: 17.
num_chunks_taken_from_freelist: 1672.
num_chunk_merges: 8.
num_chunk_splits: 1075.
num_chunks_enlarged: 703.
num_inconsistent_stats: 0.

CodeHeap 'non-profiled nmethods': size=120000Kb used=1805Kb max_used=1805Kb free=118194Kb
 bounds [0x000001c86a8c0000, 0x000001c86ab30000, 0x000001c871df0000]
CodeHeap 'profiled nmethods': size=120000Kb used=8565Kb max_used=8565Kb free=111435Kb
 bounds [0x000001c862df0000, 0x000001c863650000, 0x000001c86a320000]
CodeHeap 'non-nmethods': size=5760Kb used=1330Kb max_used=1348Kb free=4429Kb
 bounds [0x000001c86a320000, 0x000001c86a590000, 0x000001c86a8c0000]
CodeCache: size=245760Kb, used=11700Kb, max_used=11718Kb, free=234058Kb
 total_blobs=4686, nmethods=4066, adapters=526, full_count=0
Compilation: enabled, stopped_count=0, restarted_count=0

Compilation events (20 events):
Event: 36.117 Thread 0x000001c85fb53560 nmethod 4052 0x000001c863643990 code [0x000001c863643b40, 0x000001c863643d48]
Event: 36.118 Thread 0x000001c85fb53560 4053       3       org.eclipse.osgi.internal.framework.FilterImpl::newInstance (12 bytes)
Event: 36.119 Thread 0x000001c85fb53560 nmethod 4053 0x000001c863643e10 code [0x000001c863644000, 0x000001c863644458]
Event: 36.119 Thread 0x000001c85fb53560 4054       3       org.eclipse.osgi.internal.framework.FilterImpl$Parser::<init> (23 bytes)
Event: 36.120 Thread 0x000001c85fb53560 nmethod 4054 0x000001c863644610 code [0x000001c8636447e0, 0x000001c863644b60]
Event: 36.120 Thread 0x000001c85fb53560 4055   !   3       org.eclipse.osgi.internal.framework.FilterImpl$Parser::parse (68 bytes)
Event: 36.120 Thread 0x000001c85fb53560 nmethod 4055 0x000001c863644d10 code [0x000001c863644f60, 0x000001c8636456a8]
Event: 36.130 Thread 0x000001c85fb53560 4056       3       java.lang.invoke.MethodHandles$Lookup::checkMethod (87 bytes)
Event: 36.131 Thread 0x000001c85fb53560 nmethod 4056 0x000001c863645a10 code [0x000001c863645c20, 0x000001c863646278]
Event: 36.131 Thread 0x000001c85fb53560 4057       3       java.lang.invoke.MethodHandles$Lookup::maybeBindCaller (72 bytes)
Event: 36.132 Thread 0x000001c85fb53560 nmethod 4057 0x000001c863646490 code [0x000001c8636466c0, 0x000001c863646e18]
Event: 36.135 Thread 0x000001c85fb53560 4059       3       java.lang.invoke.LambdaForm$Name::<init> (19 bytes)
Event: 36.136 Thread 0x000001c85fb53560 nmethod 4059 0x000001c863647110 code [0x000001c863647340, 0x000001c863647b28]
Event: 36.142 Thread 0x000001c85fb53560 4063       3       java.lang.invoke.InvokerBytecodeGenerator::loadMethod (39 bytes)
Event: 36.142 Thread 0x000001c85fb53560 nmethod 4063 0x000001c863647e90 code [0x000001c863648080, 0x000001c863648378]
Event: 36.142 Thread 0x000001c85fb53560 4064       3       java.lang.invoke.LambdaForm$BasicType::basicType (8 bytes)
Event: 36.143 Thread 0x000001c85fb53560 nmethod 4064 0x000001c863648510 code [0x000001c8636486e0, 0x000001c863648920]
Event: 36.143 Thread 0x000001c85fb53560 4065       3       java.lang.invoke.InvokerBytecodeGenerator::<init> (12 bytes)
Event: 36.143 Thread 0x000001c85fb53560 nmethod 4065 0x000001c863648a90 code [0x000001c863648c40, 0x000001c863648df8]
Event: 36.143 Thread 0x000001c85fb53560 4067       3       java.util.concurrent.ConcurrentLinkedQueue::offer (120 bytes)

GC Heap History (18 events):
Event: 2.316 GC heap before
{Heap before GC invocations=1 (full 0):
 PSYoungGen      total 29696K, used 25600K [0x00000000d5580000, 0x00000000d7680000, 0x0000000100000000)
  eden space 25600K, 100% used [0x00000000d5580000,0x00000000d6e80000,0x00000000d6e80000)
  from space 4096K, 0% used [0x00000000d7280000,0x00000000d7280000,0x00000000d7680000)
  to   space 4096K, 0% used [0x00000000d6e80000,0x00000000d6e80000,0x00000000d7280000)
 ParOldGen       total 68608K, used 0K [0x0000000080000000, 0x0000000084300000, 0x00000000d5580000)
  object space 68608K, 0% used [0x0000000080000000,0x0000000080000000,0x0000000084300000)
 Metaspace       used 4328K, committed 4608K, reserved 1114112K
  class space    used 471K, committed 576K, reserved 1048576K
}
Event: 2.326 GC heap after
{Heap after GC invocations=1 (full 0):
 PSYoungGen      total 29696K, used 3271K [0x00000000d5580000, 0x00000000d7680000, 0x0000000100000000)
  eden space 25600K, 0% used [0x00000000d5580000,0x00000000d5580000,0x00000000d6e80000)
  from space 4096K, 79% used [0x00000000d6e80000,0x00000000d71b1e98,0x00000000d7280000)
  to   space 4096K, 0% used [0x00000000d7280000,0x00000000d7280000,0x00000000d7680000)
 ParOldGen       total 68608K, used 16K [0x0000000080000000, 0x0000000084300000, 0x00000000d5580000)
  object space 68608K, 0% used [0x0000000080000000,0x0000000080004000,0x0000000084300000)
 Metaspace       used 4328K, committed 4608K, reserved 1114112K
  class space    used 471K, committed 576K, reserved 1048576K
}
Event: 7.955 GC heap before
{Heap before GC invocations=2 (full 0):
 PSYoungGen      total 29696K, used 28871K [0x00000000d5580000, 0x00000000d7680000, 0x0000000100000000)
  eden space 25600K, 100% used [0x00000000d5580000,0x00000000d6e80000,0x00000000d6e80000)
  from space 4096K, 79% used [0x00000000d6e80000,0x00000000d71b1e98,0x00000000d7280000)
  to   space 4096K, 0% used [0x00000000d7280000,0x00000000d7280000,0x00000000d7680000)
 ParOldGen       total 68608K, used 16K [0x0000000080000000, 0x0000000084300000, 0x00000000d5580000)
  object space 68608K, 0% used [0x0000000080000000,0x0000000080004000,0x0000000084300000)
 Metaspace       used 7974K, committed 8256K, reserved 1114112K
  class space    used 830K, committed 960K, reserved 1048576K
}
Event: 7.963 GC heap after
{Heap after GC invocations=2 (full 0):
 PSYoungGen      total 29696K, used 4086K [0x00000000d5580000, 0x00000000d7680000, 0x0000000100000000)
  eden space 25600K, 0% used [0x00000000d5580000,0x00000000d5580000,0x00000000d6e80000)
  from space 4096K, 99% used [0x00000000d7280000,0x00000000d767d810,0x00000000d7680000)
  to   space 4096K, 0% used [0x00000000d6e80000,0x00000000d6e80000,0x00000000d7280000)
 ParOldGen       total 68608K, used 2013K [0x0000000080000000, 0x0000000084300000, 0x00000000d5580000)
  object space 68608K, 2% used [0x0000000080000000,0x00000000801f7658,0x0000000084300000)
 Metaspace       used 7974K, committed 8256K, reserved 1114112K
  class space    used 830K, committed 960K, reserved 1048576K
}
Event: 22.060 GC heap before
{Heap before GC invocations=3 (full 0):
 PSYoungGen      total 29696K, used 29686K [0x00000000d5580000, 0x00000000d7680000, 0x0000000100000000)
  eden space 25600K, 100% used [0x00000000d5580000,0x00000000d6e80000,0x00000000d6e80000)
  from space 4096K, 99% used [0x00000000d7280000,0x00000000d767d810,0x00000000d7680000)
  to   space 4096K, 0% used [0x00000000d6e80000,0x00000000d6e80000,0x00000000d7280000)
 ParOldGen       total 68608K, used 2013K [0x0000000080000000, 0x0000000084300000, 0x00000000d5580000)
  object space 68608K, 2% used [0x0000000080000000,0x00000000801f7658,0x0000000084300000)
 Metaspace       used 9445K, committed 9728K, reserved 1114112K
  class space    used 1005K, committed 1152K, reserved 1048576K
}
Event: 22.069 GC heap after
{Heap after GC invocations=3 (full 0):
 PSYoungGen      total 29696K, used 4064K [0x00000000d5580000, 0x00000000d7680000, 0x0000000100000000)
  eden space 25600K, 0% used [0x00000000d5580000,0x00000000d5580000,0x00000000d6e80000)
  from space 4096K, 99% used [0x00000000d6e80000,0x00000000d7278168,0x00000000d7280000)
  to   space 4096K, 0% used [0x00000000d7280000,0x00000000d7280000,0x00000000d7680000)
 ParOldGen       total 68608K, used 4751K [0x0000000080000000, 0x0000000084300000, 0x00000000d5580000)
  object space 68608K, 6% used [0x0000000080000000,0x00000000804a3f60,0x0000000084300000)
 Metaspace       used 9445K, committed 9728K, reserved 1114112K
  class space    used 1005K, committed 1152K, reserved 1048576K
}
Event: 31.981 GC heap before
{Heap before GC invocations=4 (full 0):
 PSYoungGen      total 29696K, used 29664K [0x00000000d5580000, 0x00000000d7680000, 0x0000000100000000)
  eden space 25600K, 100% used [0x00000000d5580000,0x00000000d6e80000,0x00000000d6e80000)
  from space 4096K, 99% used [0x00000000d6e80000,0x00000000d7278168,0x00000000d7280000)
  to   space 4096K, 0% used [0x00000000d7280000,0x00000000d7280000,0x00000000d7680000)
 ParOldGen       total 68608K, used 4751K [0x0000000080000000, 0x0000000084300000, 0x00000000d5580000)
  object space 68608K, 6% used [0x0000000080000000,0x00000000804a3f60,0x0000000084300000)
 Metaspace       used 11562K, committed 11968K, reserved 1114112K
  class space    used 1216K, committed 1408K, reserved 1048576K
}
Event: 31.987 GC heap after
{Heap after GC invocations=4 (full 0):
 PSYoungGen      total 29696K, used 4090K [0x00000000d5580000, 0x00000000d7680000, 0x0000000100000000)
  eden space 25600K, 0% used [0x00000000d5580000,0x00000000d5580000,0x00000000d6e80000)
  from space 4096K, 99% used [0x00000000d7280000,0x00000000d767e988,0x00000000d7680000)
  to   space 4096K, 0% used [0x00000000d6e80000,0x00000000d6e80000,0x00000000d7280000)
 ParOldGen       total 68608K, used 6741K [0x0000000080000000, 0x0000000084300000, 0x00000000d5580000)
  object space 68608K, 9% used [0x0000000080000000,0x00000000806957a0,0x0000000084300000)
 Metaspace       used 11562K, committed 11968K, reserved 1114112K
  class space    used 1216K, committed 1408K, reserved 1048576K
}
Event: 33.142 GC heap before
{Heap before GC invocations=5 (full 0):
 PSYoungGen      total 29696K, used 29690K [0x00000000d5580000, 0x00000000d7680000, 0x0000000100000000)
  eden space 25600K, 100% used [0x00000000d5580000,0x00000000d6e80000,0x00000000d6e80000)
  from space 4096K, 99% used [0x00000000d7280000,0x00000000d767e988,0x00000000d7680000)
  to   space 4096K, 0% used [0x00000000d6e80000,0x00000000d6e80000,0x00000000d7280000)
 ParOldGen       total 68608K, used 6741K [0x0000000080000000, 0x0000000084300000, 0x00000000d5580000)
  object space 68608K, 9% used [0x0000000080000000,0x00000000806957a0,0x0000000084300000)
 Metaspace       used 15530K, committed 16000K, reserved 1114112K
  class space    used 1607K, committed 1792K, reserved 1048576K
}
Event: 33.153 GC heap after
{Heap after GC invocations=5 (full 0):
 PSYoungGen      total 29184K, used 4093K [0x00000000d5580000, 0x00000000d7900000, 0x0000000100000000)
  eden space 25088K, 0% used [0x00000000d5580000,0x00000000d5580000,0x00000000d6e00000)
  from space 4096K, 99% used [0x00000000d6e80000,0x00000000d727f408,0x00000000d7280000)
  to   space 5632K, 0% used [0x00000000d7380000,0x00000000d7380000,0x00000000d7900000)
 ParOldGen       total 68608K, used 7842K [0x0000000080000000, 0x0000000084300000, 0x00000000d5580000)
  object space 68608K, 11% used [0x0000000080000000,0x00000000807a8ab0,0x0000000084300000)
 Metaspace       used 15530K, committed 16000K, reserved 1114112K
  class space    used 1607K, committed 1792K, reserved 1048576K
}
Event: 34.513 GC heap before
{Heap before GC invocations=6 (full 0):
 PSYoungGen      total 29184K, used 29181K [0x00000000d5580000, 0x00000000d7900000, 0x0000000100000000)
  eden space 25088K, 100% used [0x00000000d5580000,0x00000000d6e00000,0x00000000d6e00000)
  from space 4096K, 99% used [0x00000000d6e80000,0x00000000d727f408,0x00000000d7280000)
  to   space 5632K, 0% used [0x00000000d7380000,0x00000000d7380000,0x00000000d7900000)
 ParOldGen       total 68608K, used 7842K [0x0000000080000000, 0x0000000084300000, 0x00000000d5580000)
  object space 68608K, 11% used [0x0000000080000000,0x00000000807a8ab0,0x0000000084300000)
 Metaspace       used 18677K, committed 19520K, reserved 1114112K
  class space    used 1945K, committed 2304K, reserved 1048576K
}
Event: 34.527 GC heap after
{Heap after GC invocations=6 (full 0):
 PSYoungGen      total 30208K, used 5437K [0x00000000d5580000, 0x00000000d7900000, 0x0000000100000000)
  eden space 24576K, 0% used [0x00000000d5580000,0x00000000d5580000,0x00000000d6d80000)
  from space 5632K, 96% used [0x00000000d7380000,0x00000000d78cf768,0x00000000d7900000)
  to   space 5632K, 0% used [0x00000000d6e00000,0x00000000d6e00000,0x00000000d7380000)
 ParOldGen       total 68608K, used 7850K [0x0000000080000000, 0x0000000084300000, 0x00000000d5580000)
  object space 68608K, 11% used [0x0000000080000000,0x00000000807aaab0,0x0000000084300000)
 Metaspace       used 18677K, committed 19520K, reserved 1114112K
  class space    used 1945K, committed 2304K, reserved 1048576K
}
Event: 34.993 GC heap before
{Heap before GC invocations=7 (full 0):
 PSYoungGen      total 30208K, used 26458K [0x00000000d5580000, 0x00000000d7900000, 0x0000000100000000)
  eden space 24576K, 85% used [0x00000000d5580000,0x00000000d6a07100,0x00000000d6d80000)
  from space 5632K, 96% used [0x00000000d7380000,0x00000000d78cf768,0x00000000d7900000)
  to   space 5632K, 0% used [0x00000000d6e00000,0x00000000d6e00000,0x00000000d7380000)
 ParOldGen       total 68608K, used 7850K [0x0000000080000000, 0x0000000084300000, 0x00000000d5580000)
  object space 68608K, 11% used [0x0000000080000000,0x00000000807aaab0,0x0000000084300000)
 Metaspace       used 20642K, committed 21504K, reserved 1114112K
  class space    used 2172K, committed 2560K, reserved 1048576K
}
Event: 35.005 GC heap after
{Heap after GC invocations=7 (full 0):
 PSYoungGen      total 29696K, used 4722K [0x00000000d5580000, 0x00000000d7780000, 0x0000000100000000)
  eden space 24576K, 0% used [0x00000000d5580000,0x00000000d5580000,0x00000000d6d80000)
  from space 5120K, 92% used [0x00000000d6e00000,0x00000000d729c8e0,0x00000000d7300000)
  to   space 4608K, 0% used [0x00000000d7300000,0x00000000d7300000,0x00000000d7780000)
 ParOldGen       total 68608K, used 9419K [0x0000000080000000, 0x0000000084300000, 0x00000000d5580000)
  object space 68608K, 13% used [0x0000000080000000,0x0000000080932d78,0x0000000084300000)
 Metaspace       used 20642K, committed 21504K, reserved 1114112K
  class space    used 2172K, committed 2560K, reserved 1048576K
}
Event: 35.005 GC heap before
{Heap before GC invocations=8 (full 1):
 PSYoungGen      total 29696K, used 4722K [0x00000000d5580000, 0x00000000d7780000, 0x0000000100000000)
  eden space 24576K, 0% used [0x00000000d5580000,0x00000000d5580000,0x00000000d6d80000)
  from space 5120K, 92% used [0x00000000d6e00000,0x00000000d729c8e0,0x00000000d7300000)
  to   space 4608K, 0% used [0x00000000d7300000,0x00000000d7300000,0x00000000d7780000)
 ParOldGen       total 68608K, used 9419K [0x0000000080000000, 0x0000000084300000, 0x00000000d5580000)
  object space 68608K, 13% used [0x0000000080000000,0x0000000080932d78,0x0000000084300000)
 Metaspace       used 20642K, committed 21504K, reserved 1114112K
  class space    used 2172K, committed 2560K, reserved 1048576K
}
Event: 35.067 GC heap after
{Heap after GC invocations=8 (full 1):
 PSYoungGen      total 29696K, used 0K [0x00000000d5580000, 0x00000000d7780000, 0x0000000100000000)
  eden space 24576K, 0% used [0x00000000d5580000,0x00000000d5580000,0x00000000d6d80000)
  from space 5120K, 0% used [0x00000000d6e00000,0x00000000d6e00000,0x00000000d7300000)
  to   space 4608K, 0% used [0x00000000d7300000,0x00000000d7300000,0x00000000d7780000)
 ParOldGen       total 68608K, used 13514K [0x0000000080000000, 0x0000000084300000, 0x00000000d5580000)
  object space 68608K, 19% used [0x0000000080000000,0x0000000080d32ab0,0x0000000084300000)
 Metaspace       used 20629K, committed 21504K, reserved 1114112K
  class space    used 2168K, committed 2560K, reserved 1048576K
}
Event: 35.807 GC heap before
{Heap before GC invocations=9 (full 1):
 PSYoungGen      total 29696K, used 24552K [0x00000000d5580000, 0x00000000d7780000, 0x0000000100000000)
  eden space 24576K, 99% used [0x00000000d5580000,0x00000000d6d7a260,0x00000000d6d80000)
  from space 5120K, 0% used [0x00000000d6e00000,0x00000000d6e00000,0x00000000d7300000)
  to   space 4608K, 0% used [0x00000000d7300000,0x00000000d7300000,0x00000000d7780000)
 ParOldGen       total 68608K, used 13514K [0x0000000080000000, 0x0000000084300000, 0x00000000d5580000)
  object space 68608K, 19% used [0x0000000080000000,0x0000000080d32ab0,0x0000000084300000)
 Metaspace       used 22791K, committed 23616K, reserved 1114112K
  class space    used 2345K, committed 2688K, reserved 1048576K
}
Event: 35.809 GC heap after
{Heap after GC invocations=9 (full 1):
 PSYoungGen      total 25088K, used 993K [0x00000000d5580000, 0x00000000d7400000, 0x0000000100000000)
  eden space 24064K, 0% used [0x00000000d5580000,0x00000000d5580000,0x00000000d6d00000)
  from space 1024K, 97% used [0x00000000d7300000,0x00000000d73f87e0,0x00000000d7400000)
  to   space 2560K, 0% used [0x00000000d6f00000,0x00000000d6f00000,0x00000000d7180000)
 ParOldGen       total 68608K, used 13514K [0x0000000080000000, 0x0000000084300000, 0x00000000d5580000)
  object space 68608K, 19% used [0x0000000080000000,0x0000000080d32ab0,0x0000000084300000)
 Metaspace       used 22791K, committed 23616K, reserved 1114112K
  class space    used 2345K, committed 2688K, reserved 1048576K
}

Dll operation events (10 events):
Event: 0.090 Loaded shared library c:\Users\TECHNO ZONE\.vscode\extensions\redhat.java-1.54.0-win32-x64\jre\21.0.10-win32-x86_64\bin\java.dll
Event: 0.614 Loaded shared library c:\Users\TECHNO ZONE\.vscode\extensions\redhat.java-1.54.0-win32-x64\jre\21.0.10-win32-x86_64\bin\zip.dll
Event: 0.665 Loaded shared library C:\Users\TECHNO ZONE\.vscode\extensions\redhat.java-1.54.0-win32-x64\jre\21.0.10-win32-x86_64\bin\instrument.dll
Event: 0.767 Loaded shared library C:\Users\TECHNO ZONE\.vscode\extensions\redhat.java-1.54.0-win32-x64\jre\21.0.10-win32-x86_64\bin\net.dll
Event: 0.853 Loaded shared library C:\Users\TECHNO ZONE\.vscode\extensions\redhat.java-1.54.0-win32-x64\jre\21.0.10-win32-x86_64\bin\nio.dll
Event: 0.859 Loaded shared library C:\Users\TECHNO ZONE\.vscode\extensions\redhat.java-1.54.0-win32-x64\jre\21.0.10-win32-x86_64\bin\zip.dll
Event: 0.913 Loaded shared library C:\Users\TECHNO ZONE\.vscode\extensions\redhat.java-1.54.0-win32-x64\jre\21.0.10-win32-x86_64\bin\jimage.dll
Event: 1.218 Loaded shared library c:\Users\TECHNO ZONE\.vscode\extensions\redhat.java-1.54.0-win32-x64\jre\21.0.10-win32-x86_64\bin\verify.dll
Event: 18.739 Loaded shared library C:\Users\TECHNO ZONE\AppData\Roaming\Code\User\globalStorage\redhat.java\1.54.0\config_win\org.eclipse.equinox.launcher\org.eclipse.equinox.launcher.win32.win32.x86_64_1.3.0.v20260203-2149\eclipse_11919.dll
Event: 33.743 Loaded shared library C:\Users\TECHNO ZONE\AppData\Local\Temp\jna-1593164629\jna2030319322721206467.dll

Deoptimization events (20 events):
Event: 34.845 Thread 0x000001c877a8c320 Uncommon trap: trap_request=0xffffff45 fr.pc=0x000001c86a9f936c relative=0x000000000000004c
Event: 34.845 Thread 0x000001c877a8c320 Uncommon trap: reason=unstable_if action=reinterpret pc=0x000001c86a9f936c method=java.lang.StringLatin1.canEncode(C)Z @ 4 c2
Event: 34.845 Thread 0x000001c877a8c320 DEOPT PACKING pc=0x000001c86a9f936c sp=0x00000014954f3100
Event: 34.845 Thread 0x000001c877a8c320 DEOPT UNPACKING pc=0x000001c86a373aa2 sp=0x00000014954f3088 mode 2
Event: 35.469 Thread 0x000001c877a8c320 Uncommon trap: trap_request=0xffffff45 fr.pc=0x000001c86aa0b644 relative=0x00000000000010c4
Event: 35.469 Thread 0x000001c877a8c320 Uncommon trap: reason=unstable_if action=reinterpret pc=0x000001c86aa0b644 method=jdk.internal.org.objectweb.asm.Frame.execute(IILjdk/internal/org/objectweb/asm/Symbol;Ljdk/internal/org/objectweb/asm/SymbolTable;)V @ 1 c2
Event: 35.469 Thread 0x000001c877a8c320 DEOPT PACKING pc=0x000001c86aa0b644 sp=0x00000014954f8260
Event: 35.469 Thread 0x000001c877a8c320 DEOPT UNPACKING pc=0x000001c86a373aa2 sp=0x00000014954f81e8 mode 2
Event: 36.041 Thread 0x000001c877a8c320 Uncommon trap: trap_request=0xffffff45 fr.pc=0x000001c86aa81b84 relative=0x0000000000000164
Event: 36.041 Thread 0x000001c877a8c320 Uncommon trap: reason=unstable_if action=reinterpret pc=0x000001c86aa81b84 method=org.lombokweb.asm.ByteVector.putByteArray([BII)Lorg/lombokweb/asm/ByteVector; @ 20 c2
Event: 36.041 Thread 0x000001c877a8c320 DEOPT PACKING pc=0x000001c86aa81b84 sp=0x00000014954eef20
Event: 36.041 Thread 0x000001c877a8c320 DEOPT UNPACKING pc=0x000001c86a373aa2 sp=0x00000014954eeef0 mode 2
Event: 36.041 Thread 0x000001c877a8c320 Uncommon trap: trap_request=0xffffff45 fr.pc=0x000001c86aa814d0 relative=0x0000000000000390
Event: 36.041 Thread 0x000001c877a8c320 Uncommon trap: reason=unstable_if action=reinterpret pc=0x000001c86aa814d0 method=org.lombokweb.asm.Label.resolve([BLorg/lombokweb/asm/ByteVector;I)Z @ 81 c2
Event: 36.041 Thread 0x000001c877a8c320 DEOPT PACKING pc=0x000001c86aa814d0 sp=0x00000014954eefb0
Event: 36.041 Thread 0x000001c877a8c320 DEOPT UNPACKING pc=0x000001c86a373aa2 sp=0x00000014954eeeb8 mode 2
Event: 36.140 Thread 0x000001c87ca71440 Uncommon trap: trap_request=0xffffff45 fr.pc=0x000001c86aa5a560 relative=0x00000000000000a0
Event: 36.140 Thread 0x000001c87ca71440 Uncommon trap: reason=unstable_if action=reinterpret pc=0x000001c86aa5a560 method=java.lang.invoke.LambdaForm$BasicType.basicType(C)Ljava/lang/invoke/LambdaForm$BasicType; @ 1 c2
Event: 36.140 Thread 0x000001c87ca71440 DEOPT PACKING pc=0x000001c86aa5a560 sp=0x00000014959fd340
Event: 36.140 Thread 0x000001c87ca71440 DEOPT UNPACKING pc=0x000001c86a373aa2 sp=0x00000014959fd270 mode 2

Classes loaded (20 events):
Event: 36.087 Loading class java/io/PrintWriter$1
Event: 36.087 Loading class jdk/internal/access/JavaIOPrintWriterAccess
Event: 36.087 Loading class jdk/internal/access/JavaIOPrintWriterAccess done
Event: 36.087 Loading class java/io/PrintWriter$1 done
Event: 36.087 Loading class java/lang/Throwable$WrappedPrintWriter
Event: 36.087 Loading class java/lang/Throwable$PrintStreamOrWriter
Event: 36.087 Loading class java/lang/Throwable$PrintStreamOrWriter done
Event: 36.087 Loading class java/lang/Throwable$WrappedPrintWriter done
Event: 36.131 Loading class java/lang/runtime/ObjectMethods
Event: 36.131 Loading class java/lang/runtime/ObjectMethods done
Event: 36.134 Loading class java/lang/invoke/MethodHandleImpl$Makers
Event: 36.134 Loading class java/lang/invoke/MethodHandleImpl$Makers done
Event: 36.134 Loading class java/lang/invoke/MethodHandleImpl$Makers$1
Event: 36.134 Loading class java/lang/invoke/MethodHandleImpl$Makers$1 done
Event: 36.135 Loading class java/lang/invoke/MethodHandleImpl$Makers$2
Event: 36.135 Loading class java/lang/invoke/MethodHandleImpl$Makers$2 done
Event: 36.135 Loading class java/lang/invoke/MethodHandleImpl$Makers$3
Event: 36.135 Loading class java/lang/invoke/MethodHandleImpl$Makers$3 done
Event: 36.141 Loading class java/lang/runtime/ObjectMethods$1
Event: 36.142 Loading class java/lang/runtime/ObjectMethods$1 done

Classes unloaded (7 events):
Event: 35.016 Thread 0x000001c85fabd9e0 Unloading class 0x000001c8011a4800 'java/lang/invoke/LambdaForm$MH+0x000001c8011a4800'
Event: 35.016 Thread 0x000001c85fabd9e0 Unloading class 0x000001c8011a4400 'java/lang/invoke/LambdaForm$MH+0x000001c8011a4400'
Event: 35.016 Thread 0x000001c85fabd9e0 Unloading class 0x000001c8011a4000 'java/lang/invoke/LambdaForm$MH+0x000001c8011a4000'
Event: 35.016 Thread 0x000001c85fabd9e0 Unloading class 0x000001c8011a3c00 'java/lang/invoke/LambdaForm$MH+0x000001c8011a3c00'
Event: 35.016 Thread 0x000001c85fabd9e0 Unloading class 0x000001c8011a3800 'java/lang/invoke/LambdaForm$BMH+0x000001c8011a3800'
Event: 35.016 Thread 0x000001c85fabd9e0 Unloading class 0x000001c8011a3400 'java/lang/invoke/LambdaForm$DMH+0x000001c8011a3400'
Event: 35.016 Thread 0x000001c85fabd9e0 Unloading class 0x000001c8011a2000 'java/lang/invoke/LambdaForm$DMH+0x000001c8011a2000'

Classes redefined (0 events):
No events

Internal exceptions (20 events):
Event: 33.986 Thread 0x000001c877a8c320 Exception <a 'java/lang/NoSuchMethodError'{0x00000000d6355a00}: 'java.lang.Object java.lang.invoke.DirectMethodHandle$Holder.invokeSpecial(java.lang.Object, java.lang.Object, java.lang.Object, int, java.lang.Object, java.lang.Object)'> (0x00000000d6355a00) 
thrown [s\src\hotspot\share\interpreter\linkResolver.cpp, line 773]
Event: 33.994 Thread 0x000001c877a8c320 Exception <a 'java/lang/NoSuchMethodError'{0x00000000d635d418}: 'java.lang.Object java.lang.invoke.DirectMethodHandle$Holder.newInvokeSpecial(java.lang.Object, java.lang.Object, java.lang.Object, int, java.lang.Object)'> (0x00000000d635d418) 
thrown [s\src\hotspot\share\interpreter\linkResolver.cpp, line 773]
Event: 33.995 Thread 0x000001c877a8c320 Exception <a 'java/lang/NoSuchMethodError'{0x00000000d6361398}: 'java.lang.Object java.lang.invoke.DirectMethodHandle$Holder.invokeSpecial(java.lang.Object, java.lang.Object, java.lang.Object, java.lang.Object, int, java.lang.Object)'> (0x00000000d6361398) 
thrown [s\src\hotspot\share\interpreter\linkResolver.cpp, line 773]
Event: 33.995 Thread 0x000001c877a8c320 Exception <a 'java/lang/NoSuchMethodError'{0x00000000d6364ed8}: 'java.lang.Object java.lang.invoke.Invokers$Holder.linkToTargetMethod(java.lang.Object, java.lang.Object, int, java.lang.Object, java.lang.Object)'> (0x00000000d6364ed8) 
thrown [s\src\hotspot\share\interpreter\linkResolver.cpp, line 773]
Event: 33.996 Thread 0x000001c87ca71440 Exception <a 'java/lang/NoSuchMethodError'{0x00000000d62a39d8}: 'java.lang.Object java.lang.invoke.DirectMethodHandle$Holder.invokeSpecial(java.lang.Object, java.lang.Object, int, java.lang.Object, java.lang.Object)'> (0x00000000d62a39d8) 
thrown [s\src\hotspot\share\interpreter\linkResolver.cpp, line 773]
Event: 34.061 Thread 0x000001c877a8c320 Exception <a 'java/lang/NoSuchMethodError'{0x00000000d646e768}: 'void java.lang.invoke.DirectMethodHandle$Holder.invokeSpecial(java.lang.Object, java.lang.Object, java.lang.Object, java.lang.Object, java.lang.Object)'> (0x00000000d646e768) 
thrown [s\src\hotspot\share\interpreter\linkResolver.cpp, line 773]
Event: 34.464 Thread 0x000001c877a8c320 Exception <a 'java/lang/NoSuchMethodError'{0x00000000d6c30310}: 'java.lang.Object java.lang.invoke.DirectMethodHandle$Holder.invokeInterface(java.lang.Object, java.lang.Object, java.lang.Object)'> (0x00000000d6c30310) 
thrown [s\src\hotspot\share\interpreter\linkResolver.cpp, line 773]
Event: 34.592 Thread 0x000001c877a8c320 Exception <a 'java/lang/NoSuchMethodError'{0x00000000d5883248}: 'java.lang.Object java.lang.invoke.Invokers$Holder.linkToTargetMethod(java.lang.Object, long, java.lang.Object, java.lang.Object)'> (0x00000000d5883248) 
thrown [s\src\hotspot\share\interpreter\linkResolver.cpp, line 773]
Event: 34.753 Thread 0x000001c877a8c320 Exception <a 'java/io/FileNotFoundException'{0x00000000d60475e8}> (0x00000000d60475e8) 
thrown [s\src\hotspot\share\prims\jni.cpp, line 520]
Event: 34.754 Thread 0x000001c877a8c320 Exception <a 'java/lang/NoSuchMethodError'{0x00000000d604fc18}: 'java.lang.Object java.lang.invoke.DirectMethodHandle$Holder.newInvokeSpecial(java.lang.Object, int, java.lang.Object, java.lang.Object)'> (0x00000000d604fc18) 
thrown [s\src\hotspot\share\interpreter\linkResolver.cpp, line 773]
Event: 34.963 Thread 0x000001c877a8c320 Exception <a 'java/lang/NoSuchMethodError'{0x00000000d68aac50}: 'long java.lang.invoke.Invokers$Holder.invokeExact_MT(java.lang.Object, java.lang.Object)'> (0x00000000d68aac50) 
thrown [s\src\hotspot\share\interpreter\linkResolver.cpp, line 773]
Event: 35.468 Thread 0x000001c877a8c320 Exception <a 'java/lang/NoSuchMethodError'{0x00000000d5b597a0}: 'double java.lang.invoke.DirectMethodHandle$Holder.invokeStatic(java.lang.Object, java.lang.Object)'> (0x00000000d5b597a0) 
thrown [s\src\hotspot\share\interpreter\linkResolver.cpp, line 773]
Event: 35.469 Thread 0x000001c877a8c320 Exception <a 'java/lang/NoSuchMethodError'{0x00000000d5b5ce30}: 'double java.lang.invoke.DirectMethodHandle$Holder.invokeStaticInit(java.lang.Object, java.lang.Object)'> (0x00000000d5b5ce30) 
thrown [s\src\hotspot\share\interpreter\linkResolver.cpp, line 773]
Event: 36.041 Thread 0x000001c877a8c320 Implicit null exception at 0x000001c86aa81a75 to 0x000001c86aa81b68
Event: 36.083 Thread 0x000001c877a8c320 Exception <a 'java/lang/OutOfMemoryError'{0x00000000d6558f60}> (0x00000000d6558f60) 
thrown [s\src\hotspot\share\prims\jni.cpp, line 539]
Event: 36.132 Thread 0x000001c87ca71440 Exception <a 'java/lang/NoSuchMethodError'{0x00000000d69c94f0}: 'java.lang.Object java.lang.invoke.DirectMethodHandle$Holder.invokeStaticInit(java.lang.Object, java.lang.Object, java.lang.Object, java.lang.Object, java.lang.Object, java.lang.Object, java.lang.Object)'> (0x00000000d69c94f0) 
thrown [s\src\hotspot\share\interpreter\linkResolver.cpp, line 773]
Event: 36.132 Thread 0x000001c87ca71440 Exception <a 'java/lang/NoSuchMethodError'{0x00000000d69cdcc8}: 'java.lang.Object java.lang.invoke.Invokers$Holder.invoke_MT(java.lang.Object, java.lang.Object, java.lang.Object, java.lang.Object, java.lang.Object, java.lang.Object, java.lang.Object, java.lang.Object, java.lang.Object)'> (0x00000000d69cdcc8) 
thrown [s\src\hotspot\share\interpreter\linkResolver.cpp, line 773]
Event: 36.142 Thread 0x000001c87ca71440 Exception <a 'java/lang/NoSuchMethodError'{0x00000000d6a0d808}: 'int java.lang.invoke.DirectMethodHandle$Holder.invokeVirtual(java.lang.Object, java.lang.Object, java.lang.Object)'> (0x00000000d6a0d808) 
thrown [s\src\hotspot\share\interpreter\linkResolver.cpp, line 773]
Event: 36.142 Thread 0x000001c87ca71440 Exception <a 'java/lang/NoSuchMethodError'{0x00000000d6a11a30}: 'int java.lang.invoke.DirectMethodHandle$Holder.invokeStaticInit(java.lang.Object, int, int)'> (0x00000000d6a11a30) 
thrown [s\src\hotspot\share\interpreter\linkResolver.cpp, line 773]
Event: 36.143 Thread 0x000001c87ca71440 Exception <a 'java/lang/NoSuchMethodError'{0x00000000d6a18ff0}: 'int java.lang.invoke.DirectMethodHandle$Holder.invokeStaticInit(java.lang.Object, long, long)'> (0x00000000d6a18ff0) 
thrown [s\src\hotspot\share\interpreter\linkResolver.cpp, line 773]

ZGC Phase Switch (0 events):
No events

VM Operations (20 events):
Event: 33.142 Executing safepoint VM operation: ParallelGCFailedAllocation (Allocation Failure)
Event: 33.153 Executing safepoint VM operation: ParallelGCFailedAllocation (Allocation Failure) done
Event: 33.568 Executing non-safepoint VM operation: HandshakeAllThreads (Deoptimize)
Event: 33.568 Executing non-safepoint VM operation: HandshakeAllThreads (Deoptimize) done
Event: 33.586 Executing safepoint VM operation: ICBufferFull
Event: 33.586 Executing safepoint VM operation: ICBufferFull done
Event: 33.758 Executing non-safepoint VM operation: HandshakeAllThreads (Deoptimize)
Event: 33.758 Executing non-safepoint VM operation: HandshakeAllThreads (Deoptimize) done
Event: 34.267 Executing non-safepoint VM operation: HandshakeAllThreads (Deoptimize)
Event: 34.267 Executing non-safepoint VM operation: HandshakeAllThreads (Deoptimize) done
Event: 34.371 Executing non-safepoint VM operation: HandshakeAllThreads (Deoptimize)
Event: 34.371 Executing non-safepoint VM operation: HandshakeAllThreads (Deoptimize) done
Event: 34.398 Executing non-safepoint VM operation: HandshakeAllThreads (Deoptimize)
Event: 34.398 Executing non-safepoint VM operation: HandshakeAllThreads (Deoptimize) done
Event: 34.513 Executing safepoint VM operation: ParallelGCFailedAllocation (Allocation Failure)
Event: 34.527 Executing safepoint VM operation: ParallelGCFailedAllocation (Allocation Failure) done
Event: 34.993 Executing safepoint VM operation: CollectForMetadataAllocation (Metadata GC Threshold)
Event: 35.067 Executing safepoint VM operation: CollectForMetadataAllocation (Metadata GC Threshold) done
Event: 35.807 Executing safepoint VM operation: ParallelGCFailedAllocation (Allocation Failure)
Event: 35.809 Executing safepoint VM operation: ParallelGCFailedAllocation (Allocation Failure) done

Memory protections (0 events):
No events

Nmethod flushes (0 events):
No events

Events (20 events):
Event: 3.124 Thread 0x000001c85d9dc8a0 Thread added: 0x000001c877854370
Event: 3.573 Thread 0x000001c8778c7fb0 Thread exited: 0x000001c8778c7fb0
Event: 18.613 Thread 0x000001c85d9dc8a0 Thread added: 0x000001c877904670
Event: 18.697 Thread 0x000001c877904670 Thread added: 0x000001c8773c5480
Event: 18.743 Thread 0x000001c85d9dc8a0 Thread added: 0x000001c877a8c320
Event: 19.011 Thread 0x000001c85fb53560 Thread added: 0x000001c877a91560
Event: 20.678 Thread 0x000001c877a91560 Thread exited: 0x000001c877a91560
Event: 22.088 Thread 0x000001c85fb53560 Thread added: 0x000001c8778eb440
Event: 22.251 Thread 0x000001c877a8c320 Thread added: 0x000001c877ca9be0
Event: 22.552 Thread 0x000001c8778eb440 Thread exited: 0x000001c8778eb440
Event: 31.954 Thread 0x000001c877a8c320 Thread added: 0x000001c8775ef1b0
Event: 32.166 Thread 0x000001c85fb53560 Thread added: 0x000001c877b67940
Event: 32.672 Thread 0x000001c877a8c320 Thread added: 0x000001c8772d7380
Event: 33.094 Thread 0x000001c877b67940 Thread exited: 0x000001c877b67940
Event: 33.182 Thread 0x000001c85fb53560 Thread added: 0x000001c877b65e00
Event: 33.781 Thread 0x000001c877b65e00 Thread exited: 0x000001c877b65e00
Event: 33.803 Thread 0x000001c877a8c320 Thread added: 0x000001c87ca6f370
Event: 33.945 Thread 0x000001c877a8c320 Thread added: 0x000001c87ca71440
Event: 34.001 Thread 0x000001c877a8c320 Thread added: 0x000001c87ca6fa00
Event: 36.143 Thread 0x000001c87ca6fa00 Thread added: 0x000001c87ca70090


Dynamic libraries:
0x00007ff733220000 - 0x00007ff73322e000 	c:\Users\TECHNO ZONE\.vscode\extensions\redhat.java-1.54.0-win32-x64\jre\21.0.10-win32-x86_64\bin\java.exe
0x00007fff87910000 - 0x00007fff87b08000 	C:\Windows\SYSTEM32\ntdll.dll
0x00007fff86ca0000 - 0x00007fff86d62000 	C:\Windows\System32\KERNEL32.DLL
0x00007fff852d0000 - 0x00007fff855c6000 	C:\Windows\System32\KERNELBASE.dll
0x00007fff81be0000 - 0x00007fff81c74000 	C:\Windows\SYSTEM32\apphelp.dll
0x00007fff85650000 - 0x00007fff85750000 	C:\Windows\System32\ucrtbase.dll
0x00007fff4c790000 - 0x00007fff4c7a8000 	c:\Users\TECHNO ZONE\.vscode\extensions\redhat.java-1.54.0-win32-x64\jre\21.0.10-win32-x86_64\bin\jli.dll
0x00007fff86d70000 - 0x00007fff86f11000 	C:\Windows\System32\USER32.dll
0x00007fff857e0000 - 0x00007fff85802000 	C:\Windows\System32\win32u.dll
0x00007fff868b0000 - 0x00007fff868db000 	C:\Windows\System32\GDI32.dll
0x00007fff85810000 - 0x00007fff85929000 	C:\Windows\System32\gdi32full.dll
0x00007fff85230000 - 0x00007fff852cd000 	C:\Windows\System32\msvcp_win.dll
0x00007fff4c770000 - 0x00007fff4c78e000 	c:\Users\TECHNO ZONE\.vscode\extensions\redhat.java-1.54.0-win32-x64\jre\21.0.10-win32-x86_64\bin\VCRUNTIME140.dll
0x00007fff74a60000 - 0x00007fff74cfb000 	C:\Windows\WinSxS\amd64_microsoft.windows.common-controls_6595b64144ccf1df_6.0.19041.6456_none_60b8a6cb71f64256\COMCTL32.dll
0x00007fff85930000 - 0x00007fff859ce000 	C:\Windows\System32\msvcrt.dll
0x00007fff867a0000 - 0x00007fff867cf000 	C:\Windows\System32\IMM32.DLL
0x00007fff66af0000 - 0x00007fff66afc000 	c:\Users\TECHNO ZONE\.vscode\extensions\redhat.java-1.54.0-win32-x64\jre\21.0.10-win32-x86_64\bin\vcruntime140_1.dll
0x00007fff48b10000 - 0x00007fff48b9d000 	c:\Users\TECHNO ZONE\.vscode\extensions\redhat.java-1.54.0-win32-x64\jre\21.0.10-win32-x86_64\bin\msvcp140.dll
0x00007fff0d550000 - 0x00007fff0e2f1000 	c:\Users\TECHNO ZONE\.vscode\extensions\redhat.java-1.54.0-win32-x64\jre\21.0.10-win32-x86_64\bin\server\jvm.dll
0x00007fff85bd0000 - 0x00007fff85c81000 	C:\Windows\System32\ADVAPI32.dll
0x00007fff85c90000 - 0x00007fff85d2f000 	C:\Windows\System32\sechost.dll
0x00007fff86b80000 - 0x00007fff86ca0000 	C:\Windows\System32\RPCRT4.dll
0x00007fff855d0000 - 0x00007fff855f7000 	C:\Windows\System32\bcrypt.dll
0x00007fff86990000 - 0x00007fff869fb000 	C:\Windows\System32\WS2_32.dll
0x00007fff84e00000 - 0x00007fff84e4b000 	C:\Windows\SYSTEM32\POWRPROF.dll
0x00007fff7cd40000 - 0x00007fff7cd67000 	C:\Windows\SYSTEM32\WINMM.dll
0x00007fff7d180000 - 0x00007fff7d18a000 	C:\Windows\SYSTEM32\VERSION.dll
0x00007fff84d30000 - 0x00007fff84d42000 	C:\Windows\SYSTEM32\UMPDC.dll
0x00007fff837b0000 - 0x00007fff837c2000 	C:\Windows\SYSTEM32\kernel.appcore.dll
0x00007fff65440000 - 0x00007fff6544a000 	c:\Users\TECHNO ZONE\.vscode\extensions\redhat.java-1.54.0-win32-x64\jre\21.0.10-win32-x86_64\bin\jimage.dll
0x00007fff82cd0000 - 0x00007fff82ed1000 	C:\Windows\SYSTEM32\DBGHELP.DLL
0x00007fff7df00000 - 0x00007fff7df34000 	C:\Windows\SYSTEM32\dbgcore.DLL
0x00007fff85750000 - 0x00007fff857d2000 	C:\Windows\System32\bcryptPrimitives.dll
0x00007fff645a0000 - 0x00007fff645af000 	c:\Users\TECHNO ZONE\.vscode\extensions\redhat.java-1.54.0-win32-x64\jre\21.0.10-win32-x86_64\bin\instrument.dll
0x00007fff4c750000 - 0x00007fff4c770000 	c:\Users\TECHNO ZONE\.vscode\extensions\redhat.java-1.54.0-win32-x64\jre\21.0.10-win32-x86_64\bin\java.dll
0x00007fff87160000 - 0x00007fff878d0000 	C:\Windows\System32\SHELL32.dll
0x00007fff82ff0000 - 0x00007fff83795000 	C:\Windows\SYSTEM32\windows.storage.dll
0x00007fff85fc0000 - 0x00007fff86314000 	C:\Windows\System32\combase.dll
0x00007fff848f0000 - 0x00007fff8491b000 	C:\Windows\SYSTEM32\Wldp.dll
0x00007fff867d0000 - 0x00007fff8689d000 	C:\Windows\System32\OLEAUT32.dll
0x00007fff86a00000 - 0x00007fff86aad000 	C:\Windows\System32\SHCORE.dll
0x00007fff86b20000 - 0x00007fff86b7b000 	C:\Windows\System32\shlwapi.dll
0x00007fff84ed0000 - 0x00007fff84ef4000 	C:\Windows\SYSTEM32\profapi.dll
0x00007fff48af0000 - 0x00007fff48b08000 	c:\Users\TECHNO ZONE\.vscode\extensions\redhat.java-1.54.0-win32-x64\jre\21.0.10-win32-x86_64\bin\zip.dll
0x00007fff62620000 - 0x00007fff62630000 	C:\Users\TECHNO ZONE\.vscode\extensions\redhat.java-1.54.0-win32-x64\jre\21.0.10-win32-x86_64\bin\net.dll
0x00007fff79040000 - 0x00007fff7914a000 	C:\Windows\SYSTEM32\WINHTTP.dll
0x00007fff84650000 - 0x00007fff846ba000 	C:\Windows\system32\mswsock.dll
0x00007fff48ad0000 - 0x00007fff48ae6000 	C:\Users\TECHNO ZONE\.vscode\extensions\redhat.java-1.54.0-win32-x64\jre\21.0.10-win32-x86_64\bin\nio.dll
0x00007fff62240000 - 0x00007fff62250000 	c:\Users\TECHNO ZONE\.vscode\extensions\redhat.java-1.54.0-win32-x64\jre\21.0.10-win32-x86_64\bin\verify.dll
0x00007fff47de0000 - 0x00007fff47e25000 	C:\Users\TECHNO ZONE\AppData\Roaming\Code\User\globalStorage\redhat.java\1.54.0\config_win\org.eclipse.equinox.launcher\org.eclipse.equinox.launcher.win32.win32.x86_64_1.3.0.v20260203-2149\eclipse_11919.dll
0x00007fff87030000 - 0x00007fff8715b000 	C:\Windows\System32\ole32.dll
0x00007fff84850000 - 0x00007fff84868000 	C:\Windows\SYSTEM32\CRYPTSP.dll
0x00007fff83f70000 - 0x00007fff83fa8000 	C:\Windows\system32\rsaenh.dll
0x00007fff84e50000 - 0x00007fff84e7e000 	C:\Windows\SYSTEM32\USERENV.dll
0x00007fff84840000 - 0x00007fff8484c000 	C:\Windows\SYSTEM32\CRYPTBASE.dll
0x00007fff84330000 - 0x00007fff8436b000 	C:\Windows\SYSTEM32\IPHLPAPI.DLL
0x00007fff86ab0000 - 0x00007fff86ab8000 	C:\Windows\System32\NSI.dll
0x00007fff3a140000 - 0x00007fff3a189000 	C:\Users\TECHNO ZONE\AppData\Local\Temp\jna-1593164629\jna2030319322721206467.dll
0x00007fff86320000 - 0x00007fff86328000 	C:\Windows\System32\PSAPI.DLL

JVMTI agents:
c:\Users\TECHNO ZONE\.vscode\extensions\redhat.java-1.54.0-win32-x64\lombok\lombok-1.18.39-4050.jar path:c:\Users\TECHNO ZONE\.vscode\extensions\redhat.java-1.54.0-win32-x64\jre\21.0.10-win32-x86_64\bin\instrument.dll, loaded, initialized, instrumentlib options:none

dbghelp: loaded successfully - version: 4.0.5 - missing functions: none
symbol engine: initialized successfully - sym options: 0x614 - pdb path: .;c:\Users\TECHNO ZONE\.vscode\extensions\redhat.java-1.54.0-win32-x64\jre\21.0.10-win32-x86_64\bin;C:\Windows\SYSTEM32;C:\Windows\WinSxS\amd64_microsoft.windows.common-controls_6595b64144ccf1df_6.0.19041.6456_none_60b8a6cb71f64256;c:\Users\TECHNO ZONE\.vscode\extensions\redhat.java-1.54.0-win32-x64\jre\21.0.10-win32-x86_64\bin\server;C:\Users\TECHNO ZONE\AppData\Roaming\Code\User\globalStorage\redhat.java\1.54.0\config_win\org.eclipse.equinox.launcher\org.eclipse.equinox.launcher.win32.win32.x86_64_1.3.0.v20260203-2149;C:\Users\TECHNO ZONE\AppData\Local\Temp\jna-1593164629

VM Arguments:
jvm_args: --add-modules=ALL-SYSTEM --add-opens=java.base/java.util=ALL-UNNAMED --add-opens=java.base/java.lang=ALL-UNNAMED --add-opens=java.base/sun.nio.fs=ALL-UNNAMED -Declipse.application=org.eclipse.jdt.ls.core.id1 -Dosgi.bundles.defaultStartLevel=4 -Declipse.product=org.eclipse.jdt.ls.core.product -Djava.import.generatesMetadataFilesAtProjectRoot=false -DDetectVMInstallationsJob.disabled=true -Dfile.encoding=utf8 -XX:+UseParallelGC -XX:GCTimeRatio=4 -XX:AdaptiveSizePolicyWeight=90 -Dsun.zip.disableMemoryMapping=true -Xmx2G -Xms100m -Xlog:disable -javaagent:c:\Users\TECHNO ZONE\.vscode\extensions\redhat.java-1.54.0-win32-x64\lombok\lombok-1.18.39-4050.jar -XX:+HeapDumpOnOutOfMemoryError -XX:HeapDumpPath=c:\Users\TECHNO ZONE\AppData\Roaming\Code\User\workspaceStorage\8894ac254d13b457316f3f974ed6737b\redhat.java -Daether.dependencyCollector.impl=bf 
java_command: c:\Users\TECHNO ZONE\.vscode\extensions\redhat.java-1.54.0-win32-x64\server\plugins\org.eclipse.equinox.launcher_1.7.100.v20251111-0406.jar -configuration c:\Users\TECHNO ZONE\AppData\Roaming\Code\User\globalStorage\redhat.java\1.54.0\config_win -data c:\Users\TECHNO ZONE\AppData\Roaming\Code\User\workspaceStorage\8894ac254d13b457316f3f974ed6737b\redhat.java\jdt_ws --pipe=\\.\pipe\lsp-5a6e69cf66c518e78825b47f7fb835f3-sock
java_class_path (initial): c:\Users\TECHNO ZONE\.vscode\extensions\redhat.java-1.54.0-win32-x64\server\plugins\org.eclipse.equinox.launcher_1.7.100.v20251111-0406.jar
Launcher Type: SUN_STANDARD

[Global flags]
    uintx AdaptiveSizePolicyWeight                 = 90                                        {product} {command line}
     intx CICompilerCount                          = 3                                         {product} {ergonomic}
    uintx GCTimeRatio                              = 4                                         {product} {command line}
     bool HeapDumpOnOutOfMemoryError               = true                                   {manageable} {command line}
    ccstr HeapDumpPath                             = c:\Users\TECHNO ZONE\AppData\Roaming\Code\User\workspaceStorage\8894ac254d13b457316f3f974ed6737b\redhat.java         {manageable} {command line}
   size_t InitialHeapSize                          = 104857600                                 {product} {command line}
   size_t MaxHeapSize                              = 2147483648                                {product} {command line}
   size_t MaxNewSize                               = 715653120                                 {product} {ergonomic}
   size_t MinHeapDeltaBytes                        = 524288                                    {product} {ergonomic}
   size_t MinHeapSize                              = 104857600                                 {product} {command line}
   size_t NewSize                                  = 34603008                                  {product} {ergonomic}
    uintx NonNMethodCodeHeapSize                   = 5832780                                {pd product} {ergonomic}
    uintx NonProfiledCodeHeapSize                  = 122912730                              {pd product} {ergonomic}
   size_t OldSize                                  = 70254592                                  {product} {ergonomic}
    uintx ProfiledCodeHeapSize                     = 122912730                              {pd product} {ergonomic}
    uintx ReservedCodeCacheSize                    = 251658240                              {pd product} {ergonomic}
     bool SegmentedCodeCache                       = true                                      {product} {ergonomic}
   size_t SoftMaxHeapSize                          = 2147483648                             {manageable} {ergonomic}
     bool UseCompressedOops                        = true                           {product lp64_product} {ergonomic}
     bool UseLargePagesIndividualAllocation        = false                                  {pd product} {ergonomic}
     bool UseParallelGC                            = true                                      {product} {command line}

Logging:
Log output configuration:
 #0: stdout all=off uptime,level,tags foldmultilines=false
 #1: stderr all=off uptime,level,tags foldmultilines=false

Release file:
JAVA_VERSION="21.0.10" 
MODULES="java.base java.compiler java.datatransfer java.xml java.prefs java.desktop java.instrument java.logging java.management java.security.sasl java.naming java.rmi java.management.rmi java.net.http java.scripting java.security.jgss java.transaction.xa java.sql java.sql.rowset java.xml.crypto java.se java.smartcardio jdk.accessibility jdk.internal.jvmstat jdk.attach jdk.charsets jdk.internal.opt jdk.zipfs jdk.compiler jdk.crypto.ec jdk.crypto.cryptoki jdk.crypto.mscapi jdk.dynalink jdk.internal.ed jdk.editpad jdk.hotspot.agent jdk.httpserver jdk.internal.le jdk.internal.vm.ci jdk.internal.vm.compiler jdk.internal.vm.compiler.management jdk.jartool jdk.javadoc jdk.jcmd jdk.management jdk.management.agent jdk.jconsole jdk.jdeps jdk.jdwp.agent jdk.jdi jdk.jfr jdk.jshell jdk.jsobject jdk.jstatd jdk.localedata jdk.management.jfr jdk.naming.dns jdk.naming.rmi jdk.net jdk.nio.mapmode jdk.random jdk.sctp jdk.security.auth jdk.security.jgss jdk.unsupported jdk.unsupported.desktop jdk.xml.dom" 

Environment Variables:
PATH=C:\Users\TECHNO ZONE\AppData\Local\Programs\Microsoft VS Code;C:\Program Files\Java\jdk-25\bin;C:\Program Files\Common Files\Oracle\Java\javapath;C:\Windows\system32;C:\Windows;C:\Windows\System32\Wbem;C:\Windows\System32\WindowsPowerShell\v1.0\;C:\Windows\System32\OpenSSH\;C:\Program Files\Git\cmd;C:\Users\TECHNO ZONE\AppData\Local\Programs\Python\Python314\Scripts\;C:\Users\TECHNO ZONE\AppData\Local\Programs\Python\Python314\;C:\Users\TECHNO ZONE\AppData\Local\Microsoft\WindowsApps;C:\Users\TECHNO ZONE\AppData\Local\Programs\Microsoft VS Code\bin;C:\Program Files\Java\jdk-25\bin;
USERNAME=TECHNO ZONE
OS=Windows_NT
PROCESSOR_IDENTIFIER=Intel64 Family 6 Model 78 Stepping 3, GenuineIntel
TMP=C:\Users\TECHNO~1\AppData\Local\Temp
TEMP=C:\Users\TECHNO~1\AppData\Local\Temp




Periodic native trim disabled

---------------  S Y S T E M  ---------------

OS:
 Windows 10 , 64 bit Build 19041 (10.0.19041.5915)
OS uptime: 115 days 1:13 hours

CPU: total 4 (initial active 4) (2 cores per cpu, 2 threads per core) family 6 model 78 stepping 3 microcode 0xf0, cx8, cmov, fxsr, ht, mmx, 3dnowpref, sse, sse2, sse3, ssse3, sse4.1, sse4.2, popcnt, lzcnt, tsc, tscinvbit, avx, avx2, aes, erms, clmul, bmi1, bmi2, rtm, adx, fma, vzeroupper, clflush, clflushopt, rdtscp, f16c
Processor Information for the first 4 processors :
  Max Mhz: 2501, Current Mhz: 2501, Mhz Limit: 2501

Memory: 4k page, system-wide physical 8073M (360M free)
TotalPageFile size 32649M (AvailPageFile size 0M)
current process WorkingSet (physical memory assigned to process): 158M, peak: 158M
current process commit charge ("private bytes"): 275M, peak: 276M

vm_info: OpenJDK 64-Bit Server VM (21.0.10+7-LTS) for windows-amd64 JRE (21.0.10+7-LTS), built on 2026-01-20T00:00:00Z by "admin" with MS VC++ 17.12 (VS2022)

END.
